<?xml version="1.0" encoding="UTF-8"?>
<!-- Generated by org.testng.reporters.JUnitReportReporter -->
<testsuite hostname="Think-Pad" failures="0" tests="1" name="golbaltek.ny.ruuner.MyRunner" time="11.424" errors="0" timestamp="28 Jan 2024 20:28:32 GMT" skipped="0">
  <testcase classname="golbaltek.ny.ruuner.MyRunner" name="runScenario" time="11.424"/>
</testsuite> <!-- golbaltek.ny.ruuner.MyRunner -->
